<?xml version="1.0" encoding="UTF-8"?>
<testng-results ignored="0" total="2" passed="2" failed="0" skipped="0">
  <reporter-output>
  </reporter-output>
  <suite started-at="2022-09-16T16:50:01 IST" name="Suite" finished-at="2022-09-16T16:50:01 IST" duration-ms="40">
    <groups>
    </groups>
    <test started-at="2022-09-16T16:50:01 IST" name="Test" finished-at="2022-09-16T16:50:01 IST" duration-ms="40">
      <class name="org.MiWay.Practice.TestNGPractice">
        <test-method signature="Test1()[pri:0, instance:org.MiWay.Practice.TestNGPractice@2c35e847]" started-at="2022-09-16T16:50:01 IST" name="Test1" finished-at="2022-09-16T16:50:01 IST" duration-ms="6" status="PASS">
          <reporter-output>
          </reporter-output>
        </test-method> <!-- Test1 -->
        <test-method signature="Test2()[pri:0, instance:org.MiWay.Practice.TestNGPractice@2c35e847]" started-at="2022-09-16T16:50:01 IST" name="Test2" finished-at="2022-09-16T16:50:01 IST" duration-ms="1" status="PASS">
          <reporter-output>
          </reporter-output>
        </test-method> <!-- Test2 -->
      </class> <!-- org.MiWay.Practice.TestNGPractice -->
    </test> <!-- Test -->
  </suite> <!-- Suite -->
</testng-results>
